{"/home/anthpantaleo/repos/linkedlists/linkedlists.js": {"path":"/home/anthpantaleo/repos/linkedlists/linkedlists.js","statementMap":{"0":{"start":{"line":13,"column":4},"end":{"line":13,"column":21}},"1":{"start":{"line":14,"column":4},"end":{"line":14,"column":20}},"2":{"start":{"line":20,"column":20},"end":{"line":20,"column":55}},"3":{"start":{"line":21,"column":4},"end":{"line":21,"column":24}},"4":{"start":{"line":22,"column":4},"end":{"line":22,"column":18}},"5":{"start":{"line":28,"column":4},"end":{"line":28,"column":55}},"6":{"start":{"line":28,"column":43},"end":{"line":28,"column":55}},"7":{"start":{"line":30,"column":18},"end":{"line":30,"column":27}},"8":{"start":{"line":31,"column":4},"end":{"line":33,"column":5}},"9":{"start":{"line":31,"column":17},"end":{"line":31,"column":18}},"10":{"start":{"line":32,"column":6},"end":{"line":32,"column":29}},"11":{"start":{"line":34,"column":4},"end":{"line":34,"column":19}},"12":{"start":{"line":38,"column":4},"end":{"line":38,"column":53}},"13":{"start":{"line":38,"column":21},"end":{"line":38,"column":53}},"14":{"start":{"line":40,"column":17},"end":{"line":40,"column":43}},"15":{"start":{"line":42,"column":4},"end":{"line":42,"column":34}},"16":{"start":{"line":42,"column":22},"end":{"line":42,"column":34}},"17":{"start":{"line":44,"column":4},"end":{"line":44,"column":53}},"18":{"start":{"line":45,"column":4},"end":{"line":45,"column":18}},"19":{"start":{"line":49,"column":4},"end":{"line":49,"column":31}},"20":{"start":{"line":50,"column":4},"end":{"line":50,"column":18}},"21":{"start":{"line":54,"column":4},"end":{"line":54,"column":46}},"22":{"start":{"line":54,"column":21},"end":{"line":54,"column":46}},"23":{"start":{"line":56,"column":17},"end":{"line":56,"column":43}},"24":{"start":{"line":58,"column":4},"end":{"line":58,"column":34}},"25":{"start":{"line":58,"column":22},"end":{"line":58,"column":34}},"26":{"start":{"line":60,"column":4},"end":{"line":60,"column":31}},"27":{"start":{"line":61,"column":4},"end":{"line":61,"column":18}},"28":{"start":{"line":65,"column":17},"end":{"line":65,"column":19}},"29":{"start":{"line":66,"column":18},"end":{"line":66,"column":27}},"30":{"start":{"line":67,"column":4},"end":{"line":70,"column":5}},"31":{"start":{"line":68,"column":6},"end":{"line":68,"column":47}},"32":{"start":{"line":69,"column":6},"end":{"line":69,"column":29}},"33":{"start":{"line":71,"column":4},"end":{"line":71,"column":33}},"34":{"start":{"line":77,"column":4},"end":{"line":77,"column":23}},"35":{"start":{"line":78,"column":4},"end":{"line":78,"column":21}},"36":{"start":{"line":82,"column":0},"end":{"line":88,"column":2}},"37":{"start":{"line":83,"column":13},"end":{"line":83,"column":29}},"38":{"start":{"line":84,"column":2},"end":{"line":86,"column":3}},"39":{"start":{"line":84,"column":15},"end":{"line":84,"column":32}},"40":{"start":{"line":85,"column":4},"end":{"line":85,"column":31}},"41":{"start":{"line":87,"column":2},"end":{"line":87,"column":12}},"42":{"start":{"line":90,"column":0},"end":{"line":90,"column":28}}},"fnMap":{"0":{"name":"(anonymous_0)","decl":{"start":{"line":12,"column":2},"end":{"line":12,"column":3}},"loc":{"start":{"line":12,"column":16},"end":{"line":15,"column":3}},"line":12},"1":{"name":"(anonymous_1)","decl":{"start":{"line":19,"column":2},"end":{"line":19,"column":3}},"loc":{"start":{"line":19,"column":21},"end":{"line":23,"column":3}},"line":19},"2":{"name":"(anonymous_2)","decl":{"start":{"line":27,"column":2},"end":{"line":27,"column":3}},"loc":{"start":{"line":27,"column":20},"end":{"line":35,"column":3}},"line":27},"3":{"name":"(anonymous_3)","decl":{"start":{"line":37,"column":2},"end":{"line":37,"column":3}},"loc":{"start":{"line":37,"column":30},"end":{"line":46,"column":3}},"line":37},"4":{"name":"(anonymous_4)","decl":{"start":{"line":48,"column":2},"end":{"line":48,"column":3}},"loc":{"start":{"line":48,"column":15},"end":{"line":51,"column":3}},"line":48},"5":{"name":"(anonymous_5)","decl":{"start":{"line":53,"column":2},"end":{"line":53,"column":3}},"loc":{"start":{"line":53,"column":23},"end":{"line":62,"column":3}},"line":53},"6":{"name":"(anonymous_6)","decl":{"start":{"line":64,"column":2},"end":{"line":64,"column":3}},"loc":{"start":{"line":64,"column":10},"end":{"line":72,"column":3}},"line":64},"7":{"name":"(anonymous_7)","decl":{"start":{"line":76,"column":2},"end":{"line":76,"column":3}},"loc":{"start":{"line":76,"column":27},"end":{"line":79,"column":3}},"line":76},"8":{"name":"(anonymous_8)","decl":{"start":{"line":82,"column":24},"end":{"line":82,"column":25}},"loc":{"start":{"line":82,"column":45},"end":{"line":88,"column":1}},"line":82}},"branchMap":{"0":{"loc":{"start":{"line":28,"column":4},"end":{"line":28,"column":55}},"type":"if","locations":[{"start":{"line":28,"column":4},"end":{"line":28,"column":55}},{"start":{},"end":{}}],"line":28},"1":{"loc":{"start":{"line":28,"column":8},"end":{"line":28,"column":41}},"type":"binary-expr","locations":[{"start":{"line":28,"column":8},"end":{"line":28,"column":17}},{"start":{"line":28,"column":21},"end":{"line":28,"column":41}}],"line":28},"2":{"loc":{"start":{"line":38,"column":4},"end":{"line":38,"column":53}},"type":"if","locations":[{"start":{"line":38,"column":4},"end":{"line":38,"column":53}},{"start":{},"end":{}}],"line":38},"3":{"loc":{"start":{"line":42,"column":4},"end":{"line":42,"column":34}},"type":"if","locations":[{"start":{"line":42,"column":4},"end":{"line":42,"column":34}},{"start":{},"end":{}}],"line":42},"4":{"loc":{"start":{"line":54,"column":4},"end":{"line":54,"column":46}},"type":"if","locations":[{"start":{"line":54,"column":4},"end":{"line":54,"column":46}},{"start":{},"end":{}}],"line":54},"5":{"loc":{"start":{"line":58,"column":4},"end":{"line":58,"column":34}},"type":"if","locations":[{"start":{"line":58,"column":4},"end":{"line":58,"column":34}},{"start":{},"end":{}}],"line":58}},"s":{"0":14,"1":14,"2":37,"3":37,"4":37,"5":12,"6":6,"7":6,"8":6,"9":6,"10":7,"11":6,"12":4,"13":1,"14":3,"15":3,"16":2,"17":1,"18":1,"19":2,"20":2,"21":4,"22":1,"23":3,"24":3,"25":2,"26":1,"27":1,"28":0,"29":0,"30":0,"31":0,"32":0,"33":0,"34":38,"35":38,"36":1,"37":13,"38":13,"39":13,"40":34,"41":13,"42":1},"f":{"0":14,"1":37,"2":12,"3":4,"4":2,"5":4,"6":0,"7":38,"8":13},"b":{"0":[6,6],"1":[12,8],"2":[1,3],"3":[2,1],"4":[1,3],"5":[2,1]},"_coverageSchema":"1a1c01bbd47fc00a2c39e90264f33305004495a9","hash":"b0bba01dc2dd43806303bec9edd28f206a44caa7"}
}
