TN:
SF:linkedlists.js
FN:12,(anonymous_0)
FN:19,(anonymous_1)
FN:27,(anonymous_2)
FN:37,(anonymous_3)
FN:48,(anonymous_4)
FN:53,(anonymous_5)
FN:64,(anonymous_6)
FN:76,(anonymous_7)
FN:82,(anonymous_8)
FNF:9
FNH:8
FNDA:14,(anonymous_0)
FNDA:37,(anonymous_1)
FNDA:12,(anonymous_2)
FNDA:4,(anonymous_3)
FNDA:2,(anonymous_4)
FNDA:4,(anonymous_5)
FNDA:0,(anonymous_6)
FNDA:38,(anonymous_7)
FNDA:13,(anonymous_8)
DA:13,14
DA:14,14
DA:20,37
DA:21,37
DA:22,37
DA:28,12
DA:30,6
DA:31,6
DA:32,7
DA:34,6
DA:38,4
DA:40,3
DA:42,3
DA:44,1
DA:45,1
DA:49,2
DA:50,2
DA:54,4
DA:56,3
DA:58,3
DA:60,1
DA:61,1
DA:65,0
DA:66,0
DA:67,0
DA:68,0
DA:69,0
DA:71,0
DA:77,38
DA:78,38
DA:82,1
DA:83,13
DA:84,13
DA:85,34
DA:87,13
DA:90,1
LF:36
LH:30
BRDA:28,0,0,6
BRDA:28,0,1,6
BRDA:28,1,0,12
BRDA:28,1,1,8
BRDA:38,2,0,1
BRDA:38,2,1,3
BRDA:42,3,0,2
BRDA:42,3,1,1
BRDA:54,4,0,1
BRDA:54,4,1,3
BRDA:58,5,0,2
BRDA:58,5,1,1
BRF:12
BRH:12
end_of_record
